tail: '/var/log/auth.log' has become inaccessible: No such file or directory
tail: '/var/log/auth.log' has appeared;  following new file
tail: '/var/log/auth.log' has become inaccessible: No such file or directory
tail: '/var/log/auth.log' has appeared;  following new file
sendmail: fatal: open /etc/postfix/main.cf: No such file or directory
Can't send mail: sendmail process failed with error code 75
sendmail: fatal: open /etc/postfix/main.cf: No such file or directory
Can't send mail: sendmail process failed with error code 75
sendmail: fatal: open /etc/postfix/main.cf: No such file or directory
Can't send mail: sendmail process failed with error code 75
sendmail: fatal: open /etc/postfix/main.cf: No such file or directory
Can't send mail: sendmail process failed with error code 75
sendmail: fatal: open /etc/postfix/main.cf: No such file or directory
Can't send mail: sendmail process failed with error code 75
sendmail: fatal: open /etc/postfix/main.cf: No such file or directory
Can't send mail: sendmail process failed with error code 75
sendmail: fatal: open /etc/postfix/main.cf: No such file or directory
Can't send mail: sendmail process failed with error code 75
sendmail: fatal: open /etc/postfix/main.cf: No such file or directory
Can't send mail: sendmail process failed with error code 75
sendmail: fatal: open /etc/postfix/main.cf: No such file or directory
Can't send mail: sendmail process failed with error code 75
tail: '/var/log/auth.log' has become inaccessible: No such file or directory
tail: '/var/log/auth.log' has appeared;  following new file
sendmail: fatal: open /etc/postfix/main.cf: No such file or directory
Can't send mail: sendmail process failed with error code 75
sendmail: fatal: open /etc/postfix/main.cf: No such file or directory
Can't send mail: sendmail process failed with error code 75
tail: '/var/log/auth.log' has been replaced;  following new file
tail: '/var/log/auth.log' has become inaccessible: No such file or directory
tail: '/var/log/auth.log' has appeared;  following new file
sendmail: fatal: open /etc/postfix/main.cf: No such file or directory
Can't send mail: sendmail process failed with error code 75
sendmail: fatal: open /etc/postfix/main.cf: No such file or directory
Can't send mail: sendmail process failed with error code 75
sendmail: fatal: open /etc/postfix/main.cf: No such file or directory
Can't send mail: sendmail process failed with error code 75
sendmail: fatal: open /etc/postfix/main.cf: No such file or directory
Can't send mail: sendmail process failed with error code 75
sendmail: fatal: open /etc/postfix/main.cf: No such file or directory
Can't send mail: sendmail process failed with error code 75
sendmail: fatal: open /etc/postfix/main.cf: No such file or directory
Can't send mail: sendmail process failed with error code 75
